
> angular-portfolio@0.0.0 ng
> ng build --verbose

[33m‚ùØ[39m Building...
X [ERROR] TS2307: Cannot find module './components/navbar/navbar.component' or its corresponding type declarations. [plugin angular-compiler]

    src/app/app.component.ts:3:32:
      3 ‚îÇ ...rt { NavbarComponent } from './components/navbar/navbar.component';
        ‚ïµ                                ~~~~~~~~~~~~~~~~~~~~~~~~~~~~~~~~~~~~~~

X [ERROR] TS2307: Cannot find module './components/contact/contact.component' or its corresponding type declarations. [plugin angular-compiler]

    src/app/app.component.ts:7:33:
      7 ‚îÇ ...{ ContactComponent } from './components/contact/contact.component';
        ‚ïµ                              ~~~~~~~~~~~~~~~~~~~~~~~~~~~~~~~~~~~~~~~~

X [ERROR] NG1010: 'imports' must be an array of components, directives, pipes, or NgModules.
  Value could not be determined statically. [plugin angular-compiler]

    src/app/app.component.ts:14:8:
      14 ‚îÇ         NavbarComponent,
         ‚ïµ         ~~~~~~~~~~~~~~~

  Unknown reference.

    src/app/app.component.ts:14:8:
      14 ‚îÇ         NavbarComponent,
         ‚ïµ         ~~~~~~~~~~~~~~~

X [ERROR] NG1010: 'imports' must be an array of components, directives, pipes, or NgModules.
  Value could not be determined statically. [plugin angular-compiler]

    src/app/app.component.ts:18:8:
      18 ‚îÇ         ContactComponent
         ‚ïµ         ~~~~~~~~~~~~~~~~

  Unknown reference.

    src/app/app.component.ts:18:8:
      18 ‚îÇ         ContactComponent
         ‚ïµ         ~~~~~~~~~~~~~~~~

4 errors
[32m‚úî[39m Building...
Application bundle generation failed. [2.815 seconds] - 2026-02-15T05:55:55.672Z

[1m[31m[31mX [41;31m[[41;97mERROR[41;31m][0m [1mTS2307: Cannot find module './components/navbar/navbar.component' or its corresponding type declarations.[0m [1m[35m[plugin angular-compiler][0m

    src/app/app.component.ts:3:32:
[37m      3 ‚îÇ ...rt { NavbarComponent } from [32m'./components/navbar/navbar.component'[37m;
        ‚ïµ                                [32m~~~~~~~~~~~~~~~~~~~~~~~~~~~~~~~~~~~~~~[0m


[31mX [41;31m[[41;97mERROR[41;31m][0m [1mTS2307: Cannot find module './components/contact/contact.component' or its corresponding type declarations.[0m [1m[35m[plugin angular-compiler][0m

    src/app/app.component.ts:7:33:
[37m      7 ‚îÇ ...{ ContactComponent } from [32m'./components/contact/contact.component'[37m;
        ‚ïµ                              [32m~~~~~~~~~~~~~~~~~~~~~~~~~~~~~~~~~~~~~~~~[0m


[31mX [41;31m[[41;97mERROR[41;31m][0m [1mNG1010: 'imports' must be an array of components, directives, pipes, or NgModules.
  Value could not be determined statically.[0m [1m[35m[plugin angular-compiler][0m

    src/app/app.component.ts:14:8:
[37m      14 ‚îÇ         [32mNavbarComponent[37m,
         ‚ïµ         [32m~~~~~~~~~~~~~~~[0m

  Unknown reference.

    src/app/app.component.ts:14:8:
[37m      14 ‚îÇ         [32mNavbarComponent[37m,
         ‚ïµ         [32m~~~~~~~~~~~~~~~[0m


[31mX [41;31m[[41;97mERROR[41;31m][0m [1mNG1010: 'imports' must be an array of components, directives, pipes, or NgModules.
  Value could not be determined statically.[0m [1m[35m[plugin angular-compiler][0m

    src/app/app.component.ts:18:8:
[37m      18 ‚îÇ         [32mContactComponent[37m
         ‚ïµ         [32m~~~~~~~~~~~~~~~~[0m

  Unknown reference.

    src/app/app.component.ts:18:8:
[37m      18 ‚îÇ         [32mContactComponent[37m
         ‚ïµ         [32m~~~~~~~~~~~~~~~~[0m

[39m[22m
